# ../../00.data/validation_data: data_e pred_e
-8.043250084271845068e+00 -8.042946260926056468e+00
-7.634670936699029298e+00 -7.633832989392721480e+00
-8.118609469805825540e+00 -8.118923983756484830e+00
-8.088838070097088107e+00 -8.088115049476972018e+00
-8.094292104271845645e+00 -8.094546823616745712e+00
-6.945800353786407477e+00 -6.945995139419865794e+00
-7.647383770000000247e+00 -7.647684834274501853e+00
-7.798273526310680381e+00 -7.798268462834606396e+00
-6.937020025339806217e+00 -6.937366803651191738e+00
-7.005049436796116247e+00 -7.005581210561644845e+00
-8.060870787864077514e+00 -8.060900526420102352e+00
-8.102303441359223868e+00 -8.102379183014079445e+00
-7.633911414271843832e+00 -7.633687564079837173e+00
-7.004709685339806313e+00 -7.003496303358552666e+00
-6.954238861359223201e+00 -6.953818931313257679e+00
-7.800413433592233048e+00 -7.800199084451495679e+00
-7.792804697087378329e+00 -7.793748668816314229e+00
-8.088997290485437475e+00 -8.087335653433651572e+00
-8.106226373980582878e+00 -8.105692801176296314e+00
-8.089205944368931256e+00 -8.089063740115355117e+00
-8.098407699126212833e+00 -8.098376961503655380e+00
-8.097554324660194425e+00 -8.097614912731277315e+00
-6.938291718932039664e+00 -6.938638061629720966e+00
-8.108908001747574090e+00 -8.109242322939234526e+00
-8.115478026116504040e+00 -8.116122548618434962e+00
-7.781642720970872951e+00 -7.781526654546640387e+00
-7.633891276893203681e+00 -7.634329825380411272e+00
-8.088993493980582983e+00 -8.088048251315958836e+00
-6.934826416504853874e+00 -6.934885848219883187e+00
-7.797554624077670304e+00 -7.797237288256759769e+00
-7.782230484660193959e+00 -7.782197447902317933e+00
-8.032493620485436026e+00 -8.032628424030205494e+00
-7.804296286019416939e+00 -7.805405720407494030e+00
-7.800506673592233930e+00 -7.800507270916577696e+00
-7.806106896601941791e+00 -7.805910333986989968e+00
-8.090545282038835495e+00 -8.090377987560787076e+00
-8.027075162912622019e+00 -8.026924636251191458e+00
-8.067362553980581552e+00 -8.067048097028616027e+00
-7.634750102815533346e+00 -7.635276412335411322e+00
-8.103326920582524906e+00 -8.102686088397929254e+00
-6.955703784757282016e+00 -6.955330599336589259e+00
-7.655290489514563035e+00 -7.654425440260459901e+00
-7.647086970582523513e+00 -7.646635187921360988e+00
-8.099039658252426221e+00 -8.099271176233180825e+00
-8.099625690194175220e+00 -8.100034915892635468e+00
-8.119198893203883216e+00 -8.118695571817561074e+00
-7.652946860194174583e+00 -7.653001256450302492e+00
-8.065360092815533122e+00 -8.065386078620504051e+00
-8.106453692038835257e+00 -8.106799284792185034e+00
-7.651293614951455879e+00 -7.651818801878532028e+00
-7.651993939805825207e+00 -7.652338694342324388e+00
-8.093244805631067962e+00 -8.093758967271963201e+00
-8.062800757475727664e+00 -8.062910280804420182e+00
-8.088975084077670630e+00 -8.089341302314025484e+00
-8.046534269902911873e+00 -8.046599254488890907e+00
-8.099679741262136190e+00 -8.099787064937423509e+00
-6.936722009708737424e+00 -6.936869723532077536e+00
-8.020485809029125335e+00 -8.020275601715905367e+00
-6.965269269514563710e+00 -6.964369801153638129e+00
-7.787787455436893325e+00 -7.787983355457281931e+00
-6.917545815145631494e+00 -6.918080973441610659e+00
-8.119649583883495225e+00 -8.119314875978110635e+00
-8.070313195436893849e+00 -8.069896512630569063e+00
-8.053271332330098176e+00 -8.053804394197255689e+00
-7.004277362912620930e+00 -7.003815267221005669e+00
-8.085951792815533778e+00 -8.087055027854264111e+00
-8.088616143592233243e+00 -8.088557272893407202e+00
-6.937914722038835080e+00 -6.938088903904376714e+00
-7.789723505145630611e+00 -7.790471819790560026e+00
-8.107458405436894111e+00 -8.107392580363757872e+00
-8.065516432815533321e+00 -8.065200058042067965e+00
-8.045444973495145646e+00 -8.045600313148874250e+00
-7.641146209805825151e+00 -7.640694045493923170e+00
-7.643544926407766837e+00 -7.642897254531931139e+00
-8.071209220679612883e+00 -8.070696012393845820e+00
-7.649313867864076855e+00 -7.649501299310026425e+00
-6.955411531941748216e+00 -6.955462407293713234e+00
-8.042445346796116112e+00 -8.043149205846273020e+00
-7.788152735922330372e+00 -7.788485772961906584e+00
-8.057395214563106478e+00 -8.056913579913505430e+00
-7.641494481165048924e+00 -7.642038289852931321e+00
-6.937454470679611518e+00 -6.937716598059747497e+00
-6.852861021650484830e+00 -6.852541314850486565e+00
-7.647084478640776339e+00 -7.646771646098690312e+00
-8.019347005728155509e+00 -8.018951288046775261e+00
-6.892583873980583142e+00 -6.893097600537053005e+00
-8.084663901553398091e+00 -8.084363508350273619e+00
-7.649935809708737544e+00 -7.649517743998940134e+00
-8.087796452427184590e+00 -8.088356397575488188e+00
-7.800929756116505409e+00 -7.801180190010286175e+00
-8.104246615436892398e+00 -8.103721575700546964e+00
-7.652258168446602227e+00 -7.652688086221704822e+00
-6.935150884757281808e+00 -6.934979096836458190e+00
-8.087898973495144972e+00 -8.087423835613220646e+00
-8.058526515728155815e+00 -8.058762600314423707e+00
-8.072043721553397333e+00 -8.072049024852255172e+00
-8.105249858640776850e+00 -8.105123340834554213e+00
-8.102275069126214646e+00 -8.101569700970957300e+00
-7.799928825922330056e+00 -7.800831937673725847e+00
-8.079661656116504886e+00 -8.079267622403301985e+00
-8.054070850485437916e+00 -8.054534319194583958e+00
-6.935838949902913164e+00 -6.936685590611486596e+00
-8.080124755922330593e+00 -8.079917949033701419e+00
-8.034558983009707944e+00 -8.035368093784081012e+00
-8.071929990000000998e+00 -8.071541963013769916e+00
-8.064041415825242254e+00 -8.064372402217024671e+00
-8.100331129514563244e+00 -8.100322407842622141e+00
-8.019630552815534941e+00 -8.019221211324000009e+00
-7.790726625048542964e+00 -7.791629220361055097e+00
-8.064683958932038266e+00 -8.065392014547077437e+00
-8.093755790970874386e+00 -8.093387706355011701e+00
-7.788520563106795969e+00 -7.788786313050450438e+00
-8.110121686407767427e+00 -8.110101658325577390e+00
-7.803165468640776758e+00 -7.802912879819966285e+00
-7.797296716601941569e+00 -7.795777670974067597e+00
-6.949485084563106874e+00 -6.950179859350583023e+00
-8.108876257184466141e+00 -8.109211551793938710e+00
-7.646952257184466362e+00 -7.646629487759783572e+00
-8.111897882135922444e+00 -8.111484327366889957e+00
-7.645538459029125988e+00 -7.644909383431919281e+00
-8.077465853106795990e+00 -8.076792797543337343e+00
-8.111318718543689243e+00 -8.110989590864006615e+00
-7.004379590582524351e+00 -7.003323712112169197e+00
-8.096021405048544395e+00 -8.095971009963376375e+00
-7.634201222038835333e+00 -7.633546904867199778e+00
-8.088475308932039809e+00 -8.088217678595738036e+00
-8.022032265145631058e+00 -8.021934557753493067e+00
-8.101335801165047812e+00 -8.100167562370797825e+00
-8.047612761165048312e+00 -8.048148695856045975e+00
-8.071562287184466555e+00 -8.071180552931902952e+00
-7.782163500291262359e+00 -7.781957125257862984e+00
-8.020927536990290818e+00 -8.020640729629628041e+00
-6.942730947766990290e+00 -6.942295831475239432e+00
-7.648740341359222761e+00 -7.648543697007177400e+00
-8.068379767475727604e+00 -8.068100944737071956e+00
-7.800901953592233262e+00 -7.800999471032739052e+00
-7.657222040291261855e+00 -7.657414223758508776e+00
-8.078022323106795355e+00 -8.078691371050970460e+00
-8.068049869417475151e+00 -8.067765673624101908e+00
-8.055780540776698473e+00 -8.054842474556815901e+00
-7.638394934368931466e+00 -7.638192392229374406e+00
-6.922397068543689969e+00 -6.922218956878196217e+00
-8.091362544951456570e+00 -8.090304415148452222e+00
-8.091834544368932569e+00 -8.092233701497438147e+00
-8.053331008932039126e+00 -8.053190132638494703e+00
-8.097382534563106304e+00 -8.096740950519418334e+00
-8.080764691650484721e+00 -8.079864195043818142e+00
-7.001630910970874311e+00 -7.001846119125910484e+00
-7.646134575242718334e+00 -7.646768167451219789e+00
-8.070103290000000484e+00 -8.069724008136242688e+00
-8.083965244077669254e+00 -8.083725372644554596e+00
-8.022697802233009767e+00 -8.022792240628868754e+00
-6.948121492912620489e+00 -6.948895724575921307e+00
-7.799102350291262198e+00 -7.798974970917264216e+00
-8.057586212718446106e+00 -8.057515456905228746e+00
-7.657221728932039007e+00 -7.657217431319471856e+00
-6.887732030388350246e+00 -6.888303787234295150e+00
-8.106873679223301821e+00 -8.107030263632406530e+00
-8.100135277766991493e+00 -8.099964553523944844e+00
-8.051825612912621111e+00 -8.051584594364916470e+00
-8.034567065145632014e+00 -8.034232802605496104e+00
-8.044349638834951577e+00 -8.044213387790279057e+00
-8.068515042621358546e+00 -8.068551766343921017e+00
-7.782809365242719046e+00 -7.782851046052945421e+00
-7.648836681650485581e+00 -7.649418789663983809e+00
-7.650339262621359104e+00 -7.651351011842730365e+00
-8.098805675533979453e+00 -8.099446488908503383e+00
-8.060008373300970419e+00 -8.059249513765246675e+00
-7.003772442718446456e+00 -7.003364193389507442e+00
-8.019580067281552260e+00 -8.019352019029470924e+00
-7.654703236310679948e+00 -7.653855420203494297e+00
-6.946640060291262131e+00 -6.947179002961101801e+00
-6.851569306019417382e+00 -6.851305155121242940e+00
-8.066560230970873491e+00 -8.066304150342064716e+00
-7.795885428640776382e+00 -7.796039176233758639e+00
-8.088286409320387449e+00 -8.087384014839056334e+00
-7.656042637087378644e+00 -7.655822491046982314e+00
-7.644751543786407311e+00 -7.644666700538369497e+00
-6.900046388932038255e+00 -6.899961989406178553e+00
-6.936259716796116415e+00 -6.936858897002165847e+00
-7.634408592330096610e+00 -7.634923844416294791e+00
-7.798577174368932496e+00 -7.798689040083155888e+00
-6.939788873106795819e+00 -6.940422860023030438e+00
-8.107599285339805562e+00 -8.106978887436746106e+00
-8.061453834660193607e+00 -8.060636662427638655e+00
-7.781972192524271748e+00 -7.781872988436865590e+00
-7.646708039320388117e+00 -7.646916370332886181e+00
-7.800741165339805328e+00 -7.800561063446031618e+00
-8.088942903592233336e+00 -8.088738735682674985e+00
-8.088155124077669456e+00 -8.088638121948438453e+00
-8.066286738640776832e+00 -8.065940934815950314e+00
-8.104718840291262438e+00 -8.104291850748328585e+00
-7.796511097281553226e+00 -7.795753584097238509e+00
-8.087361361165047668e+00 -8.087612934594149650e+00
-7.638547219805825073e+00 -7.638678625428639180e+00
-8.076172234368931058e+00 -8.076364246809831116e+00
-7.651521684466019657e+00 -7.652026266006735966e+00
-8.077797719223301698e+00 -8.078116841356365541e+00
-7.801460586893203875e+00 -7.801442765416000569e+00
-6.967370363300970482e+00 -6.966364198107481087e+00
-8.065405044466018580e+00 -8.064680041866511218e+00
-6.933744490776699188e+00 -6.933313911441306487e+00
-8.083654760291262065e+00 -8.084021280629624329e+00
-8.053839621359223599e+00 -8.052828397660748649e+00
-8.020163610582523361e+00 -8.019902642858045994e+00
-8.071531819999998802e+00 -8.072325856666749289e+00
-7.799728824368932223e+00 -7.799788549565745299e+00
-8.098478267184466617e+00 -8.097429823139092875e+00
-6.996384288446601651e+00 -6.997842191949565027e+00
-8.052914745728156021e+00 -8.053327958918044871e+00
-8.110150245145630876e+00 -8.110114074217497304e+00
-8.069460711650485507e+00 -8.069907622488027954e+00
-8.087745903300971761e+00 -8.087306509230137053e+00
-7.654048754077670047e+00 -7.653715574098519880e+00
-8.053893092135922416e+00 -8.053552412407929850e+00
-6.988262150776699322e+00 -6.988119427705647979e+00
-8.103597500582523594e+00 -8.102122008640243678e+00
-7.655564528058252272e+00 -7.654614980648886124e+00
-6.951815580291262009e+00 -6.951455125539728108e+00
-6.992670434368932320e+00 -6.993618002284686774e+00
-8.107034116699029624e+00 -8.105861757330712791e+00
-7.633996991067960813e+00 -7.633506007299262208e+00
-7.634485343106796940e+00 -7.633981893795439788e+00
-8.103478875145631477e+00 -8.102528635339243834e+00
-8.108241633883494615e+00 -8.108662145073639138e+00
-8.048684583009709570e+00 -8.049280934883817906e+00
-7.791836513786407181e+00 -7.792312872000093371e+00
-8.103288672718447216e+00 -8.102036270730486933e+00
-8.083659197961164722e+00 -8.083930988946415042e+00
-7.636153870194174687e+00 -7.635537083429130512e+00
-7.806344873592233391e+00 -7.805818077356378559e+00
-8.088071980194174060e+00 -8.087802041056392000e+00
-8.030511962233010337e+00 -8.030636894679718196e+00
-6.935119427184466723e+00 -6.934484094178420932e+00
-7.650847945825242746e+00 -7.651341186121640270e+00
-7.003950998446602405e+00 -7.004226380668569618e+00
-8.107461905922329848e+00 -8.107625682198055017e+00
-8.078957222912620750e+00 -8.078953993555417767e+00
