# ../../00.data/validation_data: data_e pred_e
-8.284547586800000545e+02 -8.284234648753838428e+02
-7.863711064799999804e+02 -7.862847979074502973e+02
-8.362167753899999525e+02 -8.362491703269179197e+02
-8.331503212200000235e+02 -8.330758500961280788e+02
-8.337120867400000179e+02 -8.337383228325247728e+02
-7.154174364399999604e+02 -7.154374993602461927e+02
-7.876805283099999997e+02 -7.877115379302737210e+02
-8.032221732100000509e+02 -8.032216516719644233e+02
-7.145130626100000200e+02 -7.145487807760727037e+02
-7.215200919899999690e+02 -7.215748646878494128e+02
-8.302696911499999715e+02 -8.302727542212705885e+02
-8.345372544599999856e+02 -8.345450558504502396e+02
-7.862928756699999440e+02 -7.862698191002232306e+02
-7.214850975900000094e+02 -7.213601192459309459e+02
-7.162866027200000190e+02 -7.162433499252655338e+02
-8.034425836599999684e+02 -8.034205056985040301e+02
-8.026588838000000123e+02 -8.027561128880803381e+02
-8.331667209199999888e+02 -8.329955723036661084e+02
-8.349413165199999867e+02 -8.348863585211585132e+02
-8.331882122700000082e+02 -8.331735652318815255e+02
-8.341359930099999929e+02 -8.341328270348764136e+02
-8.340480954399999973e+02 -8.340543360113215385e+02
-7.146440470500000401e+02 -7.146797203478612346e+02
-8.352175241800000549e+02 -8.352519592627411384e+02
-8.358942366899999570e+02 -8.359606225076987585e+02
-8.015092002599999432e+02 -8.014972454183039190e+02
-7.862908015199999454e+02 -7.863359720141824027e+02
-8.331663298800000348e+02 -8.330689698855437655e+02
-7.142871208999999908e+02 -7.142932423666479735e+02
-8.031481262800000422e+02 -8.031154406904462348e+02
-8.015697399199999609e+02 -8.015663371339387595e+02
-8.273468429099999639e+02 -8.273607276751110930e+02
-8.038425174599999536e+02 -8.039567892019719011e+02
-8.034521873800000549e+02 -8.034522489044074973e+02
-8.040290103500000214e+02 -8.040087644006599703e+02
-8.333261640499999885e+02 -8.333089327187610706e+02
-8.267887417800000094e+02 -8.267732375338727024e+02
-8.309383430599999656e+02 -8.309059539939473780e+02
-7.863792605899999444e+02 -7.864334704705473769e+02
-8.346426728200000298e+02 -8.345766671049866545e+02
-7.164374898300000041e+02 -7.163990517316686919e+02
-7.884949204199999713e+02 -7.884058203468273405e+02
-7.876499579699999458e+02 -7.876034243559001879e+02
-8.342010847999999896e+02 -8.342249311520175752e+02
-8.342614460900000495e+02 -8.343035963369414958e+02
-8.362774859999999535e+02 -8.362256438972087835e+02
-7.882535265999999865e+02 -7.882591294143811638e+02
-8.307320895599999631e+02 -8.307347660979119155e+02
-8.349647302800000261e+02 -8.350003263335950123e+02
-7.880832423399999698e+02 -7.881373365934888398e+02
-7.881553758000000016e+02 -7.881908855172594031e+02
-8.336042149800000516e+02 -8.336571736290121635e+02
-8.304684780200000205e+02 -8.304797589228553534e+02
-8.331644336599999860e+02 -8.332021541383446674e+02
-8.287930297999999993e+02 -8.287997232123557296e+02
-8.342670133499999565e+02 -8.342780676885546427e+02
-7.144823669999999538e+02 -7.144975815238040013e+02
-8.261100383299999521e+02 -8.260883869767383203e+02
-7.174227347600000257e+02 -7.173300895188247068e+02
-8.021421079100000497e+02 -8.021622856121000495e+02
-7.125072189600000456e+02 -7.125623402644858970e+02
-8.363239071399999602e+02 -8.362894322257454860e+02
-8.312422591299999795e+02 -8.311993408009486757e+02
-8.294869472300000552e+02 -8.295418526023173627e+02
-7.214405683799999451e+02 -7.213929725237635466e+02
-8.328530346600000485e+02 -8.329666678689891341e+02
-8.331274627899999814e+02 -8.331213991080210235e+02
-7.146052163699999937e+02 -7.146231571021507989e+02
-8.023415210299999671e+02 -8.024185974384276960e+02
-8.350682157600000437e+02 -8.350614357774670680e+02
-8.307481925800000226e+02 -8.307156059783330875e+02
-8.286808322699999962e+02 -8.286968322543340264e+02
-7.870380596100000048e+02 -7.869914866858740652e+02
-7.872851274199999807e+02 -7.872184172167889074e+02
-8.313345497300000488e+02 -8.312816892765661123e+02
-7.878793283899999551e+02 -7.878986338289327023e+02
-7.164073877900000298e+02 -7.164126279512524889e+02
-8.283718707199999471e+02 -8.284443682021660607e+02
-8.021797318000000132e+02 -8.022140346150763435e+02
-8.299117070999999441e+02 -8.298620987310911232e+02
-7.870739315600000054e+02 -7.871299438548519447e+02
-7.145578104799999437e+02 -7.145848096001540171e+02
-7.058446852299999819e+02 -7.058117554296001117e+02
-7.876497012999999470e+02 -7.876174795481650790e+02
-8.259927415900000369e+02 -8.259519826688177773e+02
-7.099361390200000415e+02 -7.099890528553164586e+02
-8.327203818599999749e+02 -8.326894413600781490e+02
-7.879433884000000035e+02 -7.879003276318908320e+02
-8.330430346000000554e+02 -8.331007089502752478e+02
-8.034957648800000243e+02 -8.035215595710594698e+02
-8.347374013899999454e+02 -8.346833222971563373e+02
-7.881825913500000524e+02 -7.882268728808355718e+02
-7.143205411300000378e+02 -7.143028469741551589e+02
-8.330535942699999623e+02 -8.330046550681618100e+02
-8.300282311199999867e+02 -8.300525478323856987e+02
-8.314205033199999662e+02 -8.314210495597823183e+02
-8.348407354400000031e+02 -8.348277041059591284e+02
-8.345343321200000446e+02 -8.344616792000085752e+02
-8.033926690700000108e+02 -8.034856895803937959e+02
-8.322051505800000086e+02 -8.321645651075401702e+02
-8.295692976000000272e+02 -8.296170348770422152e+02
-7.143914118400000461e+02 -7.144786158329831096e+02
-8.322528498599999693e+02 -8.322315487504712337e+02
-8.275595752499999662e+02 -8.276429136597603247e+02
-8.314087889700000460e+02 -8.313688221904183138e+02
-8.305962658299999930e+02 -8.306303574283535909e+02
-8.343341063399999484e+02 -8.343332080077900628e+02
-8.260219469400000207e+02 -8.259797847663719494e+02
-8.024448423799999546e+02 -8.025378096971886634e+02
-8.306624477699999716e+02 -8.307353774983489529e+02
-8.336568464700000050e+02 -8.336189337545661147e+02
-8.022176180000000159e+02 -8.022449902441964014e+02
-8.353425336999999899e+02 -8.353404708075344161e+02
-8.037260432699999910e+02 -8.037000266214565727e+02
-8.031215618100000029e+02 -8.029651001103289900e+02
-7.157969637100000000e+02 -7.158685255131100575e+02
-8.352142544900000303e+02 -8.352487898347756072e+02
-7.876360824900000352e+02 -7.876028372392577239e+02
-8.355254818600000135e+02 -8.354828857187897029e+02
-7.874904612799999768e+02 -7.874256664934877108e+02
-8.319789828699999816e+02 -8.319096581469636931e+02
-8.354658280099999956e+02 -8.354319278589925943e+02
-7.214510978299999806e+02 -7.213423423475534264e+02
-8.338902047200000425e+02 -8.338850140262277364e+02
-7.863227258699999993e+02 -7.862553312013216100e+02
-8.331129568200000222e+02 -8.330864208953610159e+02
-8.262693233100000043e+02 -8.262592594486097823e+02
-8.344375875199999655e+02 -8.343172589241921742e+02
-8.289041144000000259e+02 -8.289593156731726822e+02
-8.313709155799999735e+02 -8.313315969519860573e+02
-8.015628405300000168e+02 -8.015415839015598749e+02
-8.261555363100000022e+02 -8.261259951518517255e+02
-7.151012876199999937e+02 -7.150564706419496588e+02
-7.878202551599999879e+02 -7.878000007917393077e+02
-8.310431160499999805e+02 -8.310143973079183297e+02
-8.034929012200000216e+02 -8.035029455163721650e+02
-7.886938701499999524e+02 -7.887136650471263692e+02
-8.320362992799999802e+02 -8.321052112182499059e+02
-8.310091365499999938e+02 -8.309798643832824609e+02
-8.297453957000000173e+02 -8.296487748793521178e+02
-7.867546782399999756e+02 -7.867338163996255389e+02
-7.130068980600000259e+02 -7.129885525584542165e+02
-8.334103421300000036e+02 -8.333013547602905646e+02
-8.334589580699999942e+02 -8.335000712542362180e+02
-8.294930939199999784e+02 -8.294785836617650148e+02
-8.340304010600000311e+02 -8.339643179035000458e+02
-8.323187632399999529e+02 -8.322260120895133468e+02
-7.211679838300000256e+02 -7.211901502699687398e+02
-7.875518612500000017e+02 -7.876171212474756658e+02
-8.312206388700000161e+02 -8.311815728380329347e+02
-8.326484201399999847e+02 -8.326237133823891554e+02
-8.263378736299999900e+02 -8.263476007847734763e+02
-7.156565137699999468e+02 -7.157362596313198537e+02
-8.033075420799999620e+02 -8.032944220044781787e+02
-8.299313799100000324e+02 -8.299240920612386390e+02
-7.886938380799999777e+02 -7.886933954259055781e+02
-7.094363991300000407e+02 -7.094952900851324102e+02
-8.350079889600000342e+02 -8.350241171541377980e+02
-8.343139336100000492e+02 -8.342963490129662887e+02
-8.293380381299999726e+02 -8.293132132195863733e+02
-8.275604077100000495e+02 -8.275259786683661787e+02
-8.285680128000000195e+02 -8.285539789423986576e+02
-8.310570493899999747e+02 -8.310608319334238558e+02
-8.016293646200000467e+02 -8.016336577434533410e+02
-7.878301782099999855e+02 -7.878901353353903687e+02
-7.879849440499999673e+02 -7.880891542198012303e+02
-8.341769845799999530e+02 -8.342429883575757685e+02
-8.301808624499999496e+02 -8.301026999178203596e+02
-7.213885616000000027e+02 -7.213465119191192798e+02
-8.260167469299999539e+02 -8.259932579600355211e+02
-7.884344333400000551e+02 -7.883471082809599011e+02
-7.155039262100000315e+02 -7.155594373049934802e+02
-7.057116385199999513e+02 -7.056844309774879775e+02
-8.308557037900000068e+02 -8.308293274852327386e+02
-8.029761991499999567e+02 -8.029920351520771646e+02
-8.330935001599999623e+02 -8.330005535284228699e+02
-7.885723916199999621e+02 -7.885497165778391491e+02
-7.874094090099999903e+02 -7.874006701554520760e+02
-7.107047780599999669e+02 -7.106960849088363830e+02
-7.144347508299999845e+02 -7.144964663912230662e+02
-7.863440850099999579e+02 -7.863971559748783875e+02
-8.032534489600000143e+02 -8.032649711285650937e+02
-7.147982539299999871e+02 -7.148635545823721031e+02
-8.350827263899999480e+02 -8.350188254059847850e+02
-8.303297449699999788e+02 -8.302455762300467086e+02
-8.015431358299999829e+02 -8.015329178089971265e+02
-7.876109280499999841e+02 -7.876323861442872385e+02
-8.034763400299999603e+02 -8.034577895349412984e+02
-8.331611190700000407e+02 -8.331400897753155732e+02
-8.330799777800000356e+02 -8.331297265606891642e+02
-8.308275340799999640e+02 -8.307919162860429196e+02
-8.347860405500000525e+02 -8.347420606270777625e+02
-8.030406430199999477e+02 -8.029626191620155851e+02
-8.329982201999999916e+02 -8.330241322631974299e+02
-7.867703636400000278e+02 -7.867838984191498639e+02
-8.318457401399999753e+02 -8.318655174214126191e+02
-7.881067335000000185e+02 -7.881587053986937690e+02
-8.320131650800000216e+02 -8.320460346597055832e+02
-8.035504404499999964e+02 -8.035486048378480746e+02
-7.176391474199999720e+02 -7.175355124050705626e+02
-8.307367195799999990e+02 -8.306620443122506003e+02
-7.141756825500000332e+02 -7.141313328784546002e+02
-8.326164403100000300e+02 -8.326541919048513591e+02
-8.295454809999999952e+02 -8.294413249590570558e+02
-8.260768518899999435e+02 -8.260499722143787267e+02
-8.313677774599999566e+02 -8.314495632366750897e+02
-8.033720689100000527e+02 -8.033782206052717356e+02
-8.341432615200000100e+02 -8.340352717833264933e+02
-7.206275817099999585e+02 -7.207777457708051543e+02
-8.294502188100000240e+02 -8.294927797685586484e+02
-8.353454752500000495e+02 -8.353417496444021708e+02
-8.311544533000000001e+02 -8.312004851162669183e+02
-8.330378280400000222e+02 -8.329925704507040791e+02
-7.883670216699999855e+02 -7.883327041321475690e+02
-8.295509884900000088e+02 -8.295158984780167657e+02
-7.197910015300000168e+02 -7.197763010536817774e+02
-8.346705425599999444e+02 -8.345185668899450775e+02
-7.885231463899999653e+02 -7.884253430068353055e+02
-7.160370047699999532e+02 -7.159998779305919925e+02
-7.202450547400000005e+02 -7.203426542353226978e+02
-8.350245140199999696e+02 -8.349037610050634157e+02
-7.863016900799999576e+02 -7.862511187518240376e+02
-7.863519903400000430e+02 -7.863001350609303017e+02
-8.346583241399999906e+02 -8.345604494399422038e+02
-8.351488882899999453e+02 -8.351922009425848046e+02
-8.290145120500000075e+02 -8.290759362930332372e+02
-8.025591609199999539e+02 -8.026082258160096217e+02
-8.346387332900000047e+02 -8.345097358852401612e+02
-8.326168973899999628e+02 -8.326448918614808008e+02
-7.865238486299999749e+02 -7.864603195932004382e+02
-8.040535219800000277e+02 -8.039992619677069570e+02
-8.330714139599999726e+02 -8.330436102288083475e+02
-8.271427321099999972e+02 -8.271556001520109476e+02
-7.143173010000000431e+02 -7.142518617003773898e+02
-7.880373384199999691e+02 -7.880881421705289540e+02
-7.214069528400000308e+02 -7.214353172088626707e+02
-8.350685763100000258e+02 -8.350854452663996881e+02
-8.321325939600000083e+02 -8.321322613362079892e+02
